<?xml version="1.0" encoding="UTF-8"?>
<!-- Generated by org.testng.reporters.JUnitReportReporter -->
<testsuite hostname="AjS_Samsung" failures="0" tests="1" name="Main.SourceClass" time="65.273" errors="0" timestamp="2023-09-29T21:37:02 CDT" skipped="0">
  <testcase classname="Main.SourceClass" name="openLog" time="65.273"/>
  <system-out>
Value Saved Value Saved Value Saved Machine Health Score Calculated  </system-out>
</testsuite> <!-- Main.SourceClass -->
